================================================================================
== Profile: REAL-TIME, CPU-freq = 0.00 GHz
                                                          Calls Real-Time  Parent 
                                                                   (secs) fraction

    <zixl_543IiP35>~_zixl                                                1 4824400715.0 (100.0%)
  zixl_z57-ZAiL~_zixl                                                    1 4824400715.0         
    zixl_iSe2-4IPr155~_zixl                                              1 2043582631.0 ( 42.4%)
      zixl_tP42-1eAyPIA2iPL~_zixl                                        1 1120122963.0 ( 54.8%)
        zixl_tP42-ZAiL~_zixl                                             1 927970673.0 ( 82.8%)
          zixl_bgV-NIAL5eA2iPL~_zixl                                     1 200996839.0 ( 21.7%)
            zixl_V91rdrP41 [R]~_zixl                                    89 56475327.0 ( 28.1%)
            zixl_iSe2-2IAL5eA21-tePq~_zixl                               5 50805312.0 ( 25.3%)
              zixl_2IAL5eA2iLq~_zixl                                     5 50207756.0 ( 98.8%)
                zixl_2IAL5eA21-tePq~_zixl                                5 6901899.0 ( 13.7%)
                <zixl_I152>~_zixl                                          43145978.0 ( 85.9%)
              <zixl_I152>~_zixl                                             597556.0 (  1.2%)
            <zixl_I152>~_zixl                                              93716200.0 ( 46.6%)
          zixl_eiL2-4I1-1eAy-rAeeyAr8~_zixl                              6 59635622.0 (  6.4%)
            zixl_V91rdrP41 [E]~_zixl                                    10 3453905.0 (  5.8%)
            <zixl_I152>~_zixl                                              56181717.0 ( 94.2%)
          <zixl_I152>~_zixl                                                666589132.0 ( 71.8%)
        <zixl_I152>~_zixl                                                  192152290.0 ( 17.2%)
      zixl_bgV-I152PI1-UPI8-ZA44iLq~_zixl                                1 348070120.0 ( 17.0%)
      zixl_5At1-tP42-SA2A~_zixl                                          1 61925302.0 (  3.0%)
        zixl_iSe2-5At1~_zixl                                             1 61911994.0 (100.0%)
          zixl_42-5At1~_zixl                                             5 54899764.0 ( 88.7%)
          zixl_iSe2-32q-5At1~_zixl                                       1 3845680.0 (  6.2%)
          zixl_4rSy-5At1-iL21IZ1SiA21~_zixl                              1 1038251.0 (  1.7%)
          <zixl_I152>~_zixl                                                2128299.0 (  3.4%)
      <zixl_I152>~_zixl                                                    494590469.0 ( 24.2%)
    <zixl_I152>~_zixl                                                      2780743980.0 ( 57.6%)

    zixl_eiL2-4I1-1eAy-rAeeyAr8~_zixl                                   10 3453905.0 (  5.8%)
    zixl_bgV-NIAL5eA2iPL~_zixl                                          89 56475327.0 ( 94.2%)
  zixl_V91rdrP41~_zixl                                                  99 59929232.0         


================================================================================
== Profile: PEAK-MEMORY, CPU-freq = 0.00 GHz
                                                          Calls   Peak-Mb         
                                                                                  

