====================================================================================================
Lint Performance Report
Questa Lint  Version 2021.1 4558100 win64 28-Jan-2021

Timestamp            : Thu Mar  5 14:44:35 2026
Description          : Report for performance of different Lint check groups

Sections:
   Section 1 : Performance During ELAB
   Section 2 : Performance During CREATE_NETLIST
====================================================================================================


====================================================================================================
Section 1 : Elaboration 
====================================================================================================

====================================================================================================
Section 2 : Create Netlist 
====================================================================================================


====================================================================================================
Section 2 : Create Netlist 
====================================================================================================


====================================================================================================
Section 2 : Create Netlist 
====================================================================================================


====================================================================================================
Section 2 : Create Netlist 
====================================================================================================


====================================================================================================
Section 2 : Create Netlist 
====================================================================================================


====================================================================================================
Section 2 : Create Netlist 
====================================================================================================


====================================================================================================
Section 2 : Create Netlist 
====================================================================================================


====================================================================================================
Section 2 : Create Netlist 
====================================================================================================


====================================================================================================
Section 2 : Create Netlist 
====================================================================================================

