====================================================================================================
Lint Check Report
Questa Lint  Version 2021.1 4558100 win64 28-Jan-2021

Timestamp            : Wed Mar  4 16:46:55 2026
Description          : Report for referring checks count, check violations details, and  design information
Design               : Spartan6_DSP48A1
Database             : E:/Digital_IC_Design_Doploma_By_Kareem_W/Project1-DSP48A1/QuestaLint/lint.db
Design Quality Score : 100%

Sections:
   Section 1 : Check Summary
   Section 2 : Check Details
   Section 3 : Design Information
====================================================================================================


====================================================================================================
Section 1 : Check Summary
====================================================================================================
-------------
| Error (0) |
-------------

---------------
| Warning (0) |
---------------

------------
| Info (0) |
------------

----------------
| Resolved (0) |
----------------


====================================================================================================
Section 2 : Check Details
====================================================================================================
-------------
| Error (0) |
-------------


---------------
| Warning (0) |
---------------


------------
| Info (0) |
------------


----------------
| Resolved (0) |
----------------



====================================================================================================
Section 3 : Design Information
====================================================================================================
-----------
| Summary |
-----------
  Register Bits                           : 110
  Latch Bits                              : 0
  User-specified Blackboxes               : 0
  Inferred Blackboxes                     : 0
  Empty Modules                           : 0
  Unresolved Modules                      : 0
  Hierarchical IPs                        : 0

