# 
# Questa Static Verification System
# Version 2021.1 4558100 win64 28-Jan-2021

log created Mon Mar  2 13:38:02 2026 by scs 2492022 on Islam-Hamdy


# 
# Questa Static Verification System
# Version 2021.1 4558100 win64 28-Jan-2021

log created Mon Mar  2 13:37:55 2026 by scs 2492022 on Islam-Hamdy


Command: netlist elaborate
Command arguments:
    -zdb
      E:/Digital_IC_Design_Doploma_By_Kareem_W/Project1-DSP48A1/QuestaLint/qcache/DB/zdb_13
    -tool lint
    -d pipe_reg_sync
    -L work

Questa Debug flags:
 4300:  lint_gui_mode        (Default False)


## Elaborating Design...
Reading MTI mapping for library mapping
Writing all MTI mappings to vmap output ...

Top level modules:
	pipe_reg_sync

Analyzing design...
-- Loading module z0in_work.pipe_reg_sync

Performing 103 Lint Checks
=============================

Lint Stage 1 of 5 - Pre Design Elaboration (4 checks)
------------------------------------------------------
Optimizing 1 design-unit (inlining 0/1 module instances):
-- Optimizing module z0in_work.pipe_reg_sync(fast)
Lint Stage-1 100% complete [Total Progress -   7%]

Lint Stage 2 of 5 - Design Elaboration (66 checks)
---------------------------------------------------
Optimized design name is zi_opt_def_416669889_1
Lint Stage-2 100% complete (1 out of 1 modules checked) [Total Progress -  23%]
End of log Mon Mar  2 13:37:56 2026


# 
# Questa Static Verification System
# Version 2021.1 4558100 win64 28-Jan-2021

log created Mon Mar  2 13:37:57 2026 by scs 2492022 on Islam-Hamdy


Command: netlist create
Command arguments:
    -zdb
      E:/Digital_IC_Design_Doploma_By_Kareem_W/Project1-DSP48A1/QuestaLint/qcache/DB/zdb_13
    -tool lint
    -d pipe_reg_sync
    -L work

Questa Debug flags:
 4300:  lint_gui_mode        (Default False)


## Synthesizing netlist...

Lint Stage 3 of 5 - Post Design Elaboration (17 checks)
--------------------------------------------------------
Lint Stage-3  24% complete [Total Progress -  27%]
Lint Stage-3  47% complete [Total Progress -  29%]
Lint Stage-3  71% complete [Total Progress -  32%]
Lint Stage-3  94% complete [Total Progress -  34%]
Lint Stage-3 100% complete [Total Progress -  35%]
Analyzing designs.
Elaborating module 'pipe_reg_sync'.

Lint Stage 4 of 5 - Design Synthesis (1 checks)
------------------------------------------------
Lint Stage-4 100% complete [Total Progress -  75%]

Lint Stage 5 of 5 - Post Design Synthesis (15 checks)
------------------------------------------------------
Lint Stage-5  20% complete [Total Progress -  88%]
Lint Stage-5  40% complete [Total Progress -  91%]
Lint Stage-5  60% complete [Total Progress -  94%]
Lint Stage-5  80% complete [Total Progress -  97%]
Lint Stage-5 100% complete [Total Progress - 100%]

Lint Checking Completed
##Time Taken (Synthesis) = 235.000000 ticks = 0.235000 secs

End of log Mon Mar  2 13:37:58 2026


# Reading design database from E:/Digital_IC_Design_Doploma_By_Kareem_W/Project1-DSP48A1/QuestaLint/qcache/LINT/CACHE...completed (0 (s)).
End of log Mon Mar  2 13:38:00 2026


# 
# Questa Static Verification System
# Version 2021.1 4558100 win64 28-Jan-2021

log created Mon Mar  2 13:38:00 2026 by scs 2492022 on Islam-Hamdy


Questa Debug flags:
 4300:  lint_gui_mode        (Default False)


## Applying Lint Waivers...
Final Process Statistics: Max memory 217MB, CPU time 2s, Total time 4s
End of log Mon Mar  2 13:38:01 2026


Result Summary
-----------------------------------------------------------
Error (0)
-----------------------------------------------------------

-----------------------------------------------------------
Warning (0)
-----------------------------------------------------------

-----------------------------------------------------------
Info (0)
-----------------------------------------------------------

-----------------------------------------------------------
Resolved (0)
-----------------------------------------------------------

# Generating Debug Information...

=================================================================
To view results in batch
  E:/Digital_IC_Design_Doploma_By_Kareem_W/Project1-DSP48A1/QuestaLint/lint.rpt

To view results in GUI (Beta Version) 
  qverify E:/Digital_IC_Design_Doploma_By_Kareem_W/Project1-DSP48A1/QuestaLint/lint.db
=================================================================
